<?xml version="1.0" encoding="UTF-8"?>
<testng-results ignored="0" total="4" passed="4" failed="0" skipped="0">
  <reporter-output>
  </reporter-output>
  <suite started-at="2022-03-10T13:49:26 CET" name="Default suite" finished-at="2022-03-10T13:50:01 CET" duration-ms="34662">
    <groups>
    </groups>
    <test started-at="2022-03-10T13:49:26 CET" name="Default test" finished-at="2022-03-10T13:50:01 CET" duration-ms="34662">
      <class name="tests.Tests">
        <test-method is-config="true" signature="reportSetup()[pri:0, instance:tests.Tests@4b0d79fc]" started-at="2022-03-10T13:49:26 CET" name="reportSetup" finished-at="2022-03-10T13:49:26 CET" duration-ms="274" status="PASS">
          <reporter-output>
          </reporter-output>
        </test-method> <!-- reportSetup -->
        <test-method is-config="true" signature="setup()[pri:0, instance:tests.Tests@4b0d79fc]" started-at="2022-03-10T13:49:26 CET" name="setup" finished-at="2022-03-10T13:49:48 CET" duration-ms="22559" status="PASS">
          <reporter-output>
          </reporter-output>
        </test-method> <!-- setup -->
        <test-method signature="test0()[pri:0, instance:tests.Tests@4b0d79fc]" started-at="2022-03-10T13:49:48 CET" name="test0" finished-at="2022-03-10T13:49:49 CET" duration-ms="444" status="PASS">
          <reporter-output>
          </reporter-output>
        </test-method> <!-- test0 -->
        <test-method signature="test1()[pri:0, instance:tests.Tests@4b0d79fc]" started-at="2022-03-10T13:49:49 CET" name="test1" finished-at="2022-03-10T13:49:52 CET" duration-ms="3233" status="PASS">
          <reporter-output>
          </reporter-output>
        </test-method> <!-- test1 -->
        <test-method signature="test2()[pri:0, instance:tests.Tests@4b0d79fc]" started-at="2022-03-10T13:49:52 CET" name="test2" finished-at="2022-03-10T13:49:55 CET" duration-ms="3012" status="PASS">
          <reporter-output>
          </reporter-output>
        </test-method> <!-- test2 -->
        <test-method signature="test3()[pri:0, instance:tests.Tests@4b0d79fc]" started-at="2022-03-10T13:49:55 CET" name="test3" finished-at="2022-03-10T13:49:58 CET" duration-ms="3116" status="PASS">
          <reporter-output>
          </reporter-output>
        </test-method> <!-- test3 -->
        <test-method is-config="true" signature="tearDown()[pri:0, instance:tests.Tests@4b0d79fc]" started-at="2022-03-10T13:49:58 CET" name="tearDown" finished-at="2022-03-10T13:50:01 CET" duration-ms="2255" status="PASS">
          <reporter-output>
          </reporter-output>
        </test-method> <!-- tearDown -->
        <test-method is-config="true" signature="ReportTearDown()[pri:0, instance:tests.Tests@4b0d79fc]" started-at="2022-03-10T13:50:01 CET" name="ReportTearDown" finished-at="2022-03-10T13:50:01 CET" duration-ms="372" status="PASS">
          <reporter-output>
          </reporter-output>
        </test-method> <!-- ReportTearDown -->
      </class> <!-- tests.Tests -->
    </test> <!-- Default test -->
  </suite> <!-- Default suite -->
</testng-results>
