<?xml version="1.0" encoding="UTF-8"?>
<!-- Generated by org.testng.reporters.JUnitXMLReporter -->
<testsuite ignored="0" hostname="DESKTOP-LOJTFAJ" failures="0" tests="4" name="Default test" time="34.662" errors="0" timestamp="2022-03-10T13:50:01 CET">
  <testcase classname="tests.Tests" name="test0" time="0.444"/>
  <testcase classname="tests.Tests" name="test1" time="3.233"/>
  <testcase classname="tests.Tests" name="test2" time="3.012"/>
  <testcase classname="tests.Tests" name="test3" time="3.116"/>
</testsuite> <!-- Default test -->
